<?xml version="1.0" encoding="UTF-8"?>
<!-- Generated by org.testng.reporters.JUnitXMLReporter -->
<testsuite ignored="0" hostname="iftis-Mac-mini.local" failures="1" tests="2" name="Test(failed)" time="26.049" errors="0" timestamp="2024-01-09T20:09:26 EST">
  <testcase classname="testCases.TC_001_AccountRegistrationTest" name="verify_account_registration" time="4.958">
    <failure type="java.lang.AssertionError" message="expected:&amp;lt;Your Account Has Been Created!&amp;gt; but was:&amp;lt;Your Account Has Been Created!!!&amp;gt;">
      <![CDATA[java.lang.AssertionError: expected:<Your Account Has Been Created!> but was:<Your Account Has Been Created!!!>
at testCases.TC_001_AccountRegistrationTest.verify_account_registration(TC_001_AccountRegistrationTest.java:42)
at java.base/java.util.ArrayList.forEach(ArrayList.java:1541)
... Removed 29 stack frames]]>
    </failure>
  </testcase> <!-- verify_account_registration -->
  <testcase classname="testCases.TC_002_LoginTest" name="verify_login" time="3.863"/>
</testsuite> <!-- Test(failed) -->
